\BOOKMARK [1][-]{section.1}{Introduction}{}% 1
\BOOKMARK [2][-]{subsection.1.1}{Precondition}{section.1}% 2
\BOOKMARK [2][-]{subsection.1.2}{Parameters}{section.1}% 3
\BOOKMARK [2][-]{subsection.1.3}{Evaluation Model}{section.1}% 4
\BOOKMARK [1][-]{section.2}{Analysis of India water scarcity}{}% 5
\BOOKMARK [2][-]{subsection.2.1}{Results Of Evaluation Model}{section.2}% 6
\BOOKMARK [2][-]{subsection.2.2}{Explanation On Evaluation Model}{section.2}% 7
\BOOKMARK [1][-]{section.3}{Grey Forecasting Model}{}% 8
\BOOKMARK [2][-]{subsection.3.1}{Assumptions}{section.3}% 9
\BOOKMARK [2][-]{subsection.3.2}{Grey Forecasting Model}{section.3}% 10
\BOOKMARK [2][-]{subsection.3.3}{Logistic Retarded Growth Model}{section.3}% 11
\BOOKMARK [2][-]{subsection.3.4}{Results Of Prediction Model}{section.3}% 12
\BOOKMARK [2][-]{subsection.3.5}{Impact On the Lives Of the Citizens Of India}{section.3}% 13
\BOOKMARK [1][-]{section.4}{The intervention plan}{}% 14
\BOOKMARK [2][-]{subsection.4.1}{Sewage Disposal Model}{section.4}% 15
\BOOKMARK [2][-]{subsection.4.2}{Phychological Prediction Model}{section.4}% 16
\BOOKMARK [2][-]{subsection.4.3}{Analysis Of the Intervention Plan}{section.4}% 17
\BOOKMARK [1][-]{section.5}{Water Scarcity Prediction Model}{}% 18
\BOOKMARK [2][-]{subsection.5.1}{Results Of Water Scarcity Prediction Model}{section.5}% 19
\BOOKMARK [1][-]{section.6}{Conclusions}{}% 20
\BOOKMARK [2][-]{subsection.6.1}{Evaluation Of Grey Forecasting Model}{section.6}% 21
\BOOKMARK [2][-]{subsection.6.2}{Evaluation Of Logistic Retarded Growth Model}{section.6}% 22
\BOOKMARK [2][-]{subsection.6.3}{Evaluation Of Psychological Prediction Model}{section.6}% 23
\BOOKMARK [1][-]{section*.2}{Appendices}{}% 24
\BOOKMARK [1][-]{Appendix.a.A}{Appendix Grey Forecasting Model}{}% 25
\BOOKMARK [1][-]{Appendix.a.B}{Appendix Logistic Retarded Growth Model}{}% 26
